<?xml version="1.0" encoding="UTF-8"?>
<!-- Generated by org.testng.reporters.JUnitReportReporter -->
<testsuite hostname="LAPTOP-57CST924" failures="0" tests="1" name="com.zoopla.myrunner.ZooplaMyRunner" time="9.756" errors="0" timestamp="2022-09-01T15:02:01 EDT" skipped="0">
  <testcase classname="com.zoopla.myrunner.ZooplaMyRunner" name="runScenario" time="9.756"/>
  <system-out/>
</testsuite> <!-- com.zoopla.myrunner.ZooplaMyRunner -->
