<?xml version="1.0" encoding="UTF-8"?>
<!-- Generated by org.testng.reporters.JUnitReportReporter -->
<testsuite hostname="LAPTOP-57CST924" failures="0" tests="1" name="com.zoopla.myrunner.ZooplaMyRunner" time="5.876" errors="0" timestamp="01 Sep 2022 01:25:33 GMT" skipped="0">
  <testcase classname="com.zoopla.myrunner.ZooplaMyRunner" name="runScenario" time="5.876"/>
</testsuite> <!-- com.zoopla.myrunner.ZooplaMyRunner -->
